<?xml version="1.0" encoding="UTF-8"?>
<!-- Generated by org.testng.reporters.JUnitXMLReporter -->
<testsuite ignored="0" hostname="Arun" failures="1" tests="3" name="Test" time="13.909" errors="0" timestamp="2022-12-03T08:39:26 IST">
  <testcase classname="testScript.RegistePage" name="Register" time="10.466"/>
  <testcase classname="testScript.RegistePage" name="testFail" time="0.005">
    <failure type="junit.framework.AssertionFailedError">
      <![CDATA[junit.framework.AssertionFailedError
at junit.framework.Assert.fail(Assert.java:47)
at junit.framework.Assert.assertTrue(Assert.java:20)
at junit.framework.Assert.assertTrue(Assert.java:27)
at testScript.RegistePage.testFail(RegistePage.java:29)
at java.base/java.util.ArrayList.forEach(ArrayList.java:1511)
... Removed 25 stack frames]]>
    </failure>
  </testcase> <!-- testFail -->
  <testcase classname="testScript.indexPage" name="test1" time="3.383"/>
</testsuite> <!-- Test -->
