<?xml version="1.0" encoding="UTF-8"?>
<testng-results ignored="0" total="3" passed="3" failed="0" skipped="0">
  <reporter-output>
  </reporter-output>
  <suite started-at="2022-12-10T07:10:40 IST" name="Suite" finished-at="2022-12-10T07:10:55 IST" duration-ms="15088">
    <groups>
    </groups>
    <test started-at="2022-12-10T07:10:40 IST" name="Test" finished-at="2022-12-10T07:10:55 IST" duration-ms="15088">
      <class name="testScript.RegistePage">
        <test-method signature="Register()[pri:0, instance:testScript.RegistePage@7f485fda]" started-at="2022-12-10T07:10:40 IST" name="Register" finished-at="2022-12-10T07:10:52 IST" duration-ms="11996" status="PASS">
          <reporter-output>
          </reporter-output>
        </test-method> <!-- Register -->
        <test-method signature="testFail()[pri:1, instance:testScript.RegistePage@7f485fda]" started-at="2022-12-10T07:10:52 IST" name="testFail" finished-at="2022-12-10T07:10:52 IST" duration-ms="3" status="PASS">
          <reporter-output>
          </reporter-output>
        </test-method> <!-- testFail -->
      </class> <!-- testScript.RegistePage -->
      <class name="testScript.indexPage">
        <test-method signature="test1()[pri:0, instance:testScript.indexPage@6035b93b]" started-at="2022-12-10T07:10:52 IST" name="test1" finished-at="2022-12-10T07:10:55 IST" duration-ms="3034" status="PASS">
          <reporter-output>
          </reporter-output>
        </test-method> <!-- test1 -->
      </class> <!-- testScript.indexPage -->
    </test> <!-- Test -->
  </suite> <!-- Suite -->
</testng-results>
