<?xml version="1.0" encoding="UTF-8"?>
<testng-results ignored="0" total="1" passed="1" failed="0" skipped="0">
  <reporter-output>
  </reporter-output>
  <suite started-at="2022-12-03T08:53:16 IST" name="Default suite" finished-at="2022-12-03T08:53:17 IST" duration-ms="1256">
    <groups>
    </groups>
    <test started-at="2022-12-03T08:53:16 IST" name="Default test" finished-at="2022-12-03T08:53:17 IST" duration-ms="1256">
      <class name="testScript.Excel">
        <test-method signature="excel()[pri:0, instance:testScript.Excel@201a4587]" started-at="2022-12-03T08:53:16 IST" name="excel" finished-at="2022-12-03T08:53:17 IST" duration-ms="1193" status="PASS">
          <reporter-output>
          </reporter-output>
        </test-method> <!-- excel -->
      </class> <!-- testScript.Excel -->
    </test> <!-- Default test -->
  </suite> <!-- Default suite -->
</testng-results>
